make all --print-data-base --no-builtin-variables --no-builtin-rules --question
# GNU Make 3.81
# Copyright (C) 2006  Free Software Foundation, Inc.
# This is free software; see the source for copying conditions.
# There is NO warranty; not even for MERCHANTABILITY or FITNESS FOR A
# PARTICULAR PURPOSE.

# This program built for i386-apple-darwin11.3.0
 

# Make data base, printed on Thu Apr 21 17:15:58 2022

# Variables

# automatic
<D = $(patsubst %/,%,$(dir $<))
# automatic
?F = $(notdir $?)
# environment
VSCODE_LOG_NATIVE = false
# automatic
?D = $(patsubst %/,%,$(dir $?))
# makefile (from `Makefile', line 17)
INCLUDES = -I/opt/homebrew/include
# makefile (from `Makefile', line 28)
OBJS_GOOD = $(OBJS_COMMON) HttpUtils.o
# automatic
@D = $(patsubst %/,%,$(dir $@))
# automatic
@F = $(notdir $@)
# makefile
CURDIR := /Users/wyq/Documents/WorkSpace/595gle
# makefile
SHELL = /bin/sh
# environment
PROMPT_EOL_MARK = 
# environment
VSCODE_NLS_CONFIG = {"locale":"en-us","availableLanguages":{},"_languagePackSupport":true}
# environment
_ = /usr/bin/make
# makefile (from `Makefile', line 21)
CFLAGS = -g -Wall -Wpedantic -std=c11 -I. -I/opt/homebrew/include -O0
# makefile (from `Makefile', line 1)
MAKEFILE_LIST :=  Makefile
# makefile (from `Makefile', line 22)
CXXFLAGS = -g -Wall -Wpedantic -std=c++17 -I. -I/opt/homebrew/include -O0
# environment
VSCODE_VERBOSE_LOGGING = true
# environment
__CFBundleIdentifier = com.microsoft.VSCode
# environment
INFOPATH = /opt/homebrew/share/info:
# environment
VSCODE_IPC_HOOK_EXTHOST = /var/folders/8k/2xg3xwz13nx4lwrnsj3r47640000gn/T/vscode-ipc-1aa9fa01-bbfc-4440-b2cb-90a880fd5aad.sock
# environment
VSCODE_CWD = /
# environment
PATH = /opt/homebrew/bin:/opt/homebrew/sbin:/usr/local/bin:/usr/bin:/bin:/usr/sbin:/sbin:/Library/Apple/usr/bin
# environment
LSCOLORS = Gxfxcxdxbxegedabagacad
# makefile (from `Makefile', line 12)
ARFLAGS = rcs
# environment
LaunchInstanceID = 2446B674-AD6B-4D46-9736-20D5743E5B89
# makefile (from `Makefile', line 11)
AR = ar
# environment
VSCODE_LOG_STACK = false
# environment
ELECTRON_RUN_AS_NODE = 1
# makefile (from `Makefile', line 23)
LDFLAGS = -L. -lpthread
# default
.FEATURES := target-specific order-only second-expansion else-if archives jobserver check-symlink
# environment
SSH_AUTH_SOCK = /private/tmp/com.apple.launchd.USiFNEy2Wn/Listeners
# automatic
%F = $(notdir $%)
# environment
VSCODE_PIPE_LOGGING = true
# environment
 
PWD = /Users/wyq/Documents/WorkSpace/595gle
# makefile (from `Makefile', line 41)
TESTOBJS = test_filereader.o test_wordindex.o test_crawlfiletree.o test_serversocket.o test_httpconnection.o test_httputils.o test_threadpool.o test_suite.o
# environment
HOMEBREW_CELLAR = /opt/homebrew/Cellar
# makefile (from `Makefile', line 24)
CPPUNITFLAGS = -L../gtest -lgtest
# environment
ORIGINAL_XDG_CURRENT_DESKTOP = undefined
# environment
MANPATH = /opt/homebrew/share/man::
# environment
VSCODE_AMD_ENTRYPOINT = vs/workbench/api/node/extensionHostProcess
# environment
HOME = /Users/wyq
# default
MAKEFILEPATH = $(shell /usr/bin/xcode-select -print-path 2>/dev/null || echo /Developer)/Makefiles
# environment
VSCODE_CODE_CACHE_PATH = /Users/wyq/Library/Application Support/Code/CachedData/dfd34e8260c270da74b5c2d86d61aee4b6d56977
# environment
LOGNAME = wyq
# environment
APPLICATION_INSIGHTS_NO_DIAGNOSTIC_CHANNEL = true
# makefile (from `Makefile', line 30)
HEADERS = HttpConnection.h HttpServer.h ServerSocket.h ThreadPool.h HttpUtils.h HttpRequest.h HttpResponse.h CrawlFileTree.h WordIndex.h Result.h FileReader.h
# environment
ZSH = /Users/wyq/.oh-my-zsh
# environment
VSCODE_HANDLES_UNCAUGHT_ERRORS = true
# automatic
^D = $(patsubst %/,%,$(dir $^))
# environment
XPC_FLAGS = 0x0
# default
MAKE = $(MAKE_COMMAND)
# default
MAKECMDGOALS := all
# makefile (from `Makefile', line 18)
LIBINCLUDES = -L/opt/homebrew/lib
# environment
SHLVL = 1
# makefile (from `Makefile', line 13)
CC = gcc
# default
MAKE_VERSION := 3.81
# environment
USER = wyq
# makefile
.DEFAULT_GOAL := all
# environment
LESS = -R
# automatic
%D = $(patsubst %/,%,$(dir $%))
# default
MAKE_COMMAND := /Library/Developer/CommandLineTools/usr/bin/make
# default
.VARIABLES := 
# environment
TMPDIR = /var/folders/8k/2xg3xwz13nx4lwrnsj3r47640000gn/T/
# automatic
*F = $(notdir $*)
# environment
VSCODE_IPC_HOOK = /Users/wyq/Library/Application Support/Code/1.66.2-main.sock
# makefile (from `Makefile', line 27)
OBJS_COMMON = ThreadPool.o ServerSocket.o HttpServer.o HttpConnection.o FileReader.o CrawlFileTree.o WordIndex.o
# makefile
MAKEFLAGS = Rrqp
# environment
MFLAGS = -Rrqp
# automatic
*D = $(patsubst %/,%,$(dir $*))
# environment
XPC_SERVICE_NAME = application.com.microsoft.VSCode.13969524.13969530
# environment
HOMEBREW_PREFIX = /opt/homebrew
# automatic
+D = $(patsubst %/,%,$(dir $+))
# automatic
+F = $(notdir $+)
# environment
HOMEBREW_REPOSITORY = /opt/homebrew
# environment
__CF_USER_TEXT_ENCODING = 0x1F5:0x0:0x0
# environment
COMMAND_MODE = unix2003
# default
MAKEFILES := 
# automatic
<F = $(notdir $<)
# makefile (from `Makefile', line 14)
CXX = g++
# environment
PAGER = less
# environment
LC_ALL = C
# environment
CONDA_CHANGEPS1 = no
# environment
SECURITYSESSIONID = 186c3
# automatic
^F = $(notdir $^)
# default
SUFFIXES := 
# environment
MAKELEVEL := 0
# environment
LANG = C
# environment
VSCODE_PID = 6061
# variable set hash-table stats:
# Load=88/1024=9%, Rehash=0, Collisions=3/123=2%

# Pattern-specific Variable Values

# No pattern-specific variable values.

# Directories

# . (device 16777231, inode 14478460): 40 files, no impossibilities.

# 40 files, no impossibilities in 1 directories.

# Implicit Rules

%.o: %.cc HttpConnection.h HttpServer.h ServerSocket.h ThreadPool.h HttpUtils.h HttpRequest.h HttpResponse.h CrawlFileTree.h WordIndex.h Result.h FileReader.h
#  commands to execute (from `Makefile', line 62):
	$(CXX) $(CXXFLAGS) -c $<
	

 
%.o: %.c HttpConnection.h HttpServer.h ServerSocket.h ThreadPool.h HttpUtils.h HttpRequest.h HttpResponse.h CrawlFileTree.h WordIndex.h Result.h FileReader.h
#  commands to execute (from `Makefile', line 65):
	$(CC) $(CFLAGS) -c $<
	

# 2 implicit rules, 0 (0.0%) terminal.

# Files

# Not a target:
HttpResponse.h:
#  Implicit rule search has been done.
#  Last modified 2022-04-19 16:33:22
#  File has been updated.
#  Successfully updated.
# variable set hash-table stats:
# Load=0/32=0%, Rehash=0, Collisions=0/0=0%

# Not a target:
ThreadPool.cc:
#  Implicit rule search has been done.
#  Last modified 2022-04-19 16:33:22
#  File has been updated.
#  Successfully updated.
# variable set hash-table stats:
# Load=0/32=0%, Rehash=0, Collisions=0/0=0%

# Not a target:
ServerSocket.cc:
#  Implicit rule search has been done.
#  Last modified 2022-04-19 16:33:22
#  File has been updated.
#  Successfully updated.
# variable set hash-table stats:
# Load=0/32=0%, Rehash=0, Collisions=0/0=0%

all: httpd test_suite
#  Command-line target.
#  Implicit rule search has been done.
#  File does not exist.
#  File has been updated.
#  Needs to be updated (-q is set).
# variable set hash-table stats:
# Load=0/32=0%, Rehash=0, Collisions=0/4=0%

# Not a target:
FileReader.h:
#  Implicit rule search has been done.
#  Last modified 2022-04-19 16:33:22
#  File has been updated.
#  Successfully updated.
# variable set hash-table stats:
# Load=0/32=0%, Rehash=0, Collisions=0/0=0%

HttpServer.o: HttpServer.cc HttpConnection.h HttpServer.h ServerSocket.h ThreadPool.h HttpUtils.h HttpRequest.h HttpResponse.h CrawlFileTree.h WordIndex.h Result.h FileReader.h
#  Implicit rule search has been done.
#  Implicit/static pattern stem: `HttpServer'
#  File does not exist.
#  File has been updated.
#  Needs to be updated (-q is set).
# automatic
# @ := HttpServer.o
# automatic
# % := 
# automatic
# * := HttpServer
# automatic
# + := HttpServer.cc HttpConnection.h HttpServer.h ServerSocket.h ThreadPool.h HttpUtils.h HttpRequest.h HttpResponse.h CrawlFileTree.h WordIndex.h Result.h FileReader.h
# automatic
# | := 
# automatic
# < := HttpServer.cc
# automatic
# ^ := HttpServer.cc HttpConnection.h HttpServer.h ServerSocket.h ThreadPool.h HttpUtils.h HttpRequest.h HttpResponse.h CrawlFileTree.h WordIndex.h Result.h FileReader.h
# automatic
# ? := HttpServer.cc HttpConnection.h HttpServer.h ServerSocket.h ThreadPool.h HttpUtils.h HttpRequest.h HttpResponse.h CrawlFileTree.h WordIndex.h Result.h FileReader.h
# variable set hash-table stats:
# Load=8/32=25%, Rehash=0, Collisions=1/13=8%
#  commands to execute (from `Makefile', line 62):
	$(CXX) $(CXXFLAGS) -c $<
	

# Not a target:
Result.h:
#  Implicit rule search has been done.
#  Last modified 2022-04-19 16:33:22
#  File has been updated.
#  Successfully updated.
# variable set hash-table stats:
# Load=0/32=0%, Rehash=0, Collisions=0/0=0%

# Not a target:
.SUFFIXES:
#  Implicit rule search has not been done.
#  Modification time never checked.
#  File has not been updated.

# Not a target:
test_httpconnection.o:
#  Implicit rule search has not been done.
#  Modification time never checked.
#  File has not been updated.

# Not a target:
Makefile:
#  Implicit rule search has been done.
#  Last modified 2022-04-21 17:15:33
#  File has been updated.
#  Successfully updated.
# variable set hash-table stats:
# Load=0/32=0%, Rehash=0, Collisions=0/0=0%

# Not a target:
HttpConnection.h:
#  Implicit rule search has been done.
#  Last modified 2022-04-19 16:33:22
#  File has been updated.
#  Successfully updated.
# variable set hash-table stats:
# Load=0/32=0%, Rehash=0, Collisions=0/0=0%

# Not a target:
HttpUtils.h:
#  Implicit rule search has been done.
#  Last modified 2022-04-19 16:33:22
#  File has been updated.
#  Successfully updated.
# variable set hash-table stats:
# Load=0/32=0%, Rehash=0, Collisions=0/0=0%

# Not a target:
HttpServer.cc:
#  Implicit rule search has been done.
#  Last modified 2022-04-21 17:08:21
#  File has been updated.
#  Successfully updated.
# variable set hash-table stats:
# Load=0/32=0%, Rehash=0, Collisions=0/0=0%

# Not a target:
ThreadPool.h:
#  Implicit rule search has been done.
#  Last modified 2022-04-19 16:33:22
#  File has been updated.
#  Successfully updated.
# variable set hash-table stats:
# Load=0/32=0%, Rehash=0, Collisions=0/0=0%

httpd: httpd.o projectlib.a HttpConnection.h HttpServer.h ServerSocket.h ThreadPool.h HttpUtils.h HttpRequest.h HttpResponse.h CrawlFileTree.h WordIndex.h Result.h FileReader.h
#  Implicit rule search has not been done.
#  File does not exist.
#  File has been updated.
#  Needs to be updated (-q is set).
# variable set hash-table stats:
# Load=0/32=0%, Rehash=0, Collisions=0/4=0%
#  commands to execute (from `Makefile', line 52):
	$(CXX) $(CXXFLAGS) -o $@ httpd.o projectlib.a $(LDFLAGS)
	

httpd.o: httpd.cc HttpConnection.h HttpServer.h ServerSocket.h ThreadPool.h HttpUtils.h HttpRequest.h HttpResponse.h CrawlFileTree.h WordIndex.h Result.h FileReader.h
#  Implicit rule search has been done.
#  Implicit/static pattern stem: `httpd'
#  Last modified 2022-04-19 16:41:08
#  File has been updated.
#  Successfully updated.
# variable set hash-table stats:
# Load=0/32=0%, Rehash=0, Collisions=0/0=0%
#  commands to execute (from `Makefile', line 62):
	$(CXX) $(CXXFLAGS) -c $<
	

test_suite: test_filereader.o test_wordindex.o test_crawlfiletree.o test_serversocket.o test_httpconnection.o test_httputils.o test_threadpool.o test_suite.o projectlib.a HttpConnection.h HttpServer.h ServerSocket.h ThreadPool.h HttpUtils.h HttpRequest.h HttpResponse.h CrawlFileTree.h WordIndex.h Result.h FileReader.h
#  Implicit rule search has not been done.
#  Modification time never checked.
#  File has not been updated.
#  commands to execute (from `Makefile', line 58):
	$(CXX) $(CXXFLAGS) -o $@ $(TESTOBJS) \
	$(CPPUNITFLAGS) $(LDFLAGS) projectlib.a -lpthread
	

# Not a target:
WordIndex.o:
#  Implicit rule search has not been done.
#  Modification time never checked.
#  File has not been updated.

# Not a target:
test_suite.o:
#  Implicit rule search has not been done.
#  Modification time never checked.
#  File has not been updated.

# Not a target:
CrawlFileTree.o:
#  Implicit rule search has not been done.
#  Modification time never checked.
#  File has not been updated.

# Not a target:
ServerSocket.h:
#  Implicit rule search has been done.
#  Last modified 2022-04-19 16:33:22
#  File has been updated.
#  Successfully updated.
# variable set hash-table stats:
# Load=0/32=0%, Rehash=0, Collisions=0/0=0%

 
# Not a target:
test_wordindex.o:
#  Implicit rule search has not been done.
#  Modification time never checked.
#  File has not been updated.

# Not a target:
httpd.cc:
#  Implicit rule search has been done.
#  Last modified 2022-04-19 16:33:22
#  File has been updated.
#  Successfully updated.
# variable set hash-table stats:
# Load=0/32=0%, Rehash=0, Collisions=0/0=0%

# Not a target:
test_threadpool.o:
#  Implicit rule search has not been done.
#  Modification time never checked.
#  File has not been updated.

# Not a target:
.DEFAULT:
#  Implicit rule search has not been done.
#  Modification time never checked.
#  File has not been updated.

# Not a target:
HttpRequest.h:
#  Implicit rule search has been done.
#  Last modified 2022-04-19 16:33:22
#  File has been updated.
#  Successfully updated.
# variable set hash-table stats:
# Load=0/32=0%, Rehash=0, Collisions=0/0=0%

# Not a target:
test_crawlfiletree.o:
#  Implicit rule search has not been done.
#  Modification time never checked.
#  File has not been updated.

# Not a target:
FileReader.o:
#  Implicit rule search has not been done.
#  Modification time never checked.
#  File has not been updated.

clean:
#  Implicit rule search has not been done.
#  Modification time never checked.
#  File has not been updated.
#  commands to execute (from `Makefile', line 68):
	/bin/rm -f *.o *~ test_suite httpd httpd_withflaws projectlib.a
	

projectlib.a: ThreadPool.o ServerSocket.o HttpServer.o HttpConnection.o FileReader.o CrawlFileTree.o WordIndex.o HttpUtils.o HttpConnection.h HttpServer.h ServerSocket.h ThreadPool.h HttpUtils.h HttpRequest.h HttpResponse.h CrawlFileTree.h WordIndex.h Result.h FileReader.h
#  Implicit rule search has not been done.
#  File does not exist.
#  File has been updated.
#  Needs to be updated (-q is set).
# variable set hash-table stats:
# Load=0/32=0%, Rehash=0, Collisions=0/4=0%
#  commands to execute (from `Makefile', line 55):
	$(AR) $(ARFLAGS) $@ $(OBJS_GOOD)
	

# Not a target:
HttpServer.h:
#  Implicit rule search has been done.
#  Last modified 2022-04-19 16:33:22
#  File has been updated.
#  Successfully updated.
# variable set hash-table stats:
# Load=0/32=0%, Rehash=0, Collisions=0/0=0%

# Not a target:
test_httputils.o:
#  Implicit rule search has not been done.
#  Modification time never checked.
#  File has not been updated.

# Not a target:
HttpConnection.o:
#  Implicit rule search has not been done.
#  Modification time never checked.
#  File has not been updated.

# Not a target:
test_filereader.o:
#  Implicit rule search has not been done.
#  Modification time never checked.
#  File has not been updated.

# Not a target:
HttpUtils.o:
#  Implicit rule search has not been done.
#  Modification time never checked.
#  File has not been updated.

ThreadPool.o: ThreadPool.cc HttpConnection.h HttpServer.h ServerSocket.h ThreadPool.h HttpUtils.h HttpRequest.h HttpResponse.h CrawlFileTree.h WordIndex.h Result.h FileReader.h
#  Implicit rule search has been done.
#  Implicit/static pattern stem: `ThreadPool'
#  Last modified 2022-04-19 16:41:08
#  File has been updated.
#  Successfully updated.
# variable set hash-table stats:
# Load=0/32=0%, Rehash=0, Collisions=0/0=0%
#  commands to execute (from `Makefile', line 62):
	$(CXX) $(CXXFLAGS) -c $<
	

# Not a target:
WordIndex.h:
#  Implicit rule search has been done.
#  Last modified 2022-04-19 16:33:22
#  File has been updated.
#  Successfully updated.
# variable set hash-table stats:
# Load=0/32=0%, Rehash=0, Collisions=0/0=0%

# Not a target:
test_serversocket.o:
#  Implicit rule search has not been done.
#  Modification time never checked.
#  File has not been updated.

# Not a target:
CrawlFileTree.h:
#  Implicit rule search has been done.
#  Last modified 2022-04-19 16:33:22
#  File has been updated.
#  Successfully updated.
# variable set hash-table stats:
# Load=0/32=0%, Rehash=0, Collisions=0/0=0%

ServerSocket.o: ServerSocket.cc HttpConnection.h HttpServer.h ServerSocket.h ThreadPool.h HttpUtils.h HttpRequest.h HttpResponse.h CrawlFileTree.h WordIndex.h Result.h FileReader.h
#  Implicit rule search has been done.
#  Implicit/static pattern stem: `ServerSocket'
#  Last modified 2022-04-19 16:41:08
#  File has been updated.
#  Successfully updated.
# variable set hash-table stats:
# Load=0/32=0%, Rehash=0, Collisions=0/0=0%
#  commands to execute (from `Makefile', line 62):
	$(CXX) $(CXXFLAGS) -c $<
	

# files hash-table stats:
# Load=40/1024=4%, Rehash=0, Collisions=0/207=0%
# VPATH Search Paths

# No `vpath' search paths.

# No general (`VPATH' variable) search path.

# # of strings in strcache: 1
# # of strcache buffers: 1
# strcache size: total = 4096 / max = 4096 / min = 4096 / avg = 4096
# strcache free: total = 4087 / max = 4087 / min = 4087 / avg = 4087

# Finished Make data base on Thu Apr 21 17:15:58 2022

 
